Performing C SOURCE FILE Test CMAKE_HAVE_LIBC_PTHREAD failed with the following output:
Change Dir: /home/jetauto/Desktop/seruCP2/build/CMakeFiles/CMakeScratch/TryCompile-XJHs0w

Run Build Command(s):/usr/bin/make -f Makefile cmTC_1c535/fast && /usr/bin/make  -f CMakeFiles/cmTC_1c535.dir/build.make CMakeFiles/cmTC_1c535.dir/build
make[1]: Entering directory '/home/jetauto/Desktop/seruCP2/build/CMakeFiles/CMakeScratch/TryCompile-XJHs0w'
Building C object CMakeFiles/cmTC_1c535.dir/src.c.o
/usr/bin/cc -DCMAKE_HAVE_LIBC_PTHREAD   -o CMakeFiles/cmTC_1c535.dir/src.c.o -c /home/jetauto/Desktop/seruCP2/build/CMakeFiles/CMakeScratch/TryCompile-XJHs0w/src.c
Linking C executable cmTC_1c535
/usr/bin/cmake -E cmake_link_script CMakeFiles/cmTC_1c535.dir/link.txt --verbose=1
/usr/bin/cc -rdynamic CMakeFiles/cmTC_1c535.dir/src.c.o -o cmTC_1c535 
CMakeFiles/cmTC_1c535.dir/src.c.o: In function `main':
src.c:(.text+0x48): undefined reference to `pthread_create'
src.c:(.text+0x50): undefined reference to `pthread_detach'
src.c:(.text+0x58): undefined reference to `pthread_cancel'
src.c:(.text+0x64): undefined reference to `pthread_join'
src.c:(.text+0x74): undefined reference to `pthread_atfork'
collect2: error: ld returned 1 exit status
CMakeFiles/cmTC_1c535.dir/build.make:98: recipe for target 'cmTC_1c535' failed
make[1]: *** [cmTC_1c535] Error 1
make[1]: Leaving directory '/home/jetauto/Desktop/seruCP2/build/CMakeFiles/CMakeScratch/TryCompile-XJHs0w'
Makefile:127: recipe for target 'cmTC_1c535/fast' failed
make: *** [cmTC_1c535/fast] Error 2


Source file was:
#include <pthread.h>

static void* test_func(void* data)
{
  return data;
}

int main(void)
{
  pthread_t thread;
  pthread_create(&thread, NULL, test_func, NULL);
  pthread_detach(thread);
  pthread_cancel(thread);
  pthread_join(thread, NULL);
  pthread_atfork(NULL, NULL, NULL);
  pthread_exit(NULL);

  return 0;
}


Determining if the function pthread_create exists in the pthreads failed with the following output:
Change Dir: /home/jetauto/Desktop/seruCP2/build/CMakeFiles/CMakeScratch/TryCompile-MSIaKC

Run Build Command(s):/usr/bin/make -f Makefile cmTC_aa1a4/fast && /usr/bin/make  -f CMakeFiles/cmTC_aa1a4.dir/build.make CMakeFiles/cmTC_aa1a4.dir/build
make[1]: Entering directory '/home/jetauto/Desktop/seruCP2/build/CMakeFiles/CMakeScratch/TryCompile-MSIaKC'
Building C object CMakeFiles/cmTC_aa1a4.dir/CheckFunctionExists.c.o
/usr/bin/cc   -DCHECK_FUNCTION_EXISTS=pthread_create -o CMakeFiles/cmTC_aa1a4.dir/CheckFunctionExists.c.o -c /home/jetauto/Desktop/seruCP2/build/CMakeFiles/CMakeScratch/TryCompile-MSIaKC/CheckFunctionExists.c
Linking C executable cmTC_aa1a4
/usr/bin/cmake -E cmake_link_script CMakeFiles/cmTC_aa1a4.dir/link.txt --verbose=1
/usr/bin/cc  -DCHECK_FUNCTION_EXISTS=pthread_create -rdynamic CMakeFiles/cmTC_aa1a4.dir/CheckFunctionExists.c.o -o cmTC_aa1a4  -lpthreads 
/usr/bin/ld: cannot find -lpthreads
collect2: error: ld returned 1 exit status
CMakeFiles/cmTC_aa1a4.dir/build.make:98: recipe for target 'cmTC_aa1a4' failed
make[1]: *** [cmTC_aa1a4] Error 1
make[1]: Leaving directory '/home/jetauto/Desktop/seruCP2/build/CMakeFiles/CMakeScratch/TryCompile-MSIaKC'
Makefile:127: recipe for target 'cmTC_aa1a4/fast' failed
make: *** [cmTC_aa1a4/fast] Error 2



