Performing C SOURCE FILE Test CMAKE_HAVE_LIBC_PTHREAD failed with the following output:
Change Dir: /home/jetauto/Desktop/seruCP2/src/g_autoslam/build/CMakeFiles/CMakeScratch/TryCompile-aEf0z7

Run Build Command(s):/usr/bin/make -f Makefile cmTC_da260/fast && /usr/bin/make  -f CMakeFiles/cmTC_da260.dir/build.make CMakeFiles/cmTC_da260.dir/build
make[1]: Entering directory '/home/jetauto/Desktop/seruCP2/src/g_autoslam/build/CMakeFiles/CMakeScratch/TryCompile-aEf0z7'
Building C object CMakeFiles/cmTC_da260.dir/src.c.o
/usr/bin/cc -DCMAKE_HAVE_LIBC_PTHREAD   -o CMakeFiles/cmTC_da260.dir/src.c.o -c /home/jetauto/Desktop/seruCP2/src/g_autoslam/build/CMakeFiles/CMakeScratch/TryCompile-aEf0z7/src.c
Linking C executable cmTC_da260
/usr/bin/cmake -E cmake_link_script CMakeFiles/cmTC_da260.dir/link.txt --verbose=1
/usr/bin/cc -rdynamic CMakeFiles/cmTC_da260.dir/src.c.o -o cmTC_da260 
CMakeFiles/cmTC_da260.dir/src.c.o: In function `main':
src.c:(.text+0x48): undefined reference to `pthread_create'
src.c:(.text+0x50): undefined reference to `pthread_detach'
src.c:(.text+0x58): undefined reference to `pthread_cancel'
src.c:(.text+0x64): undefined reference to `pthread_join'
src.c:(.text+0x74): undefined reference to `pthread_atfork'
collect2: error: ld returned 1 exit status
CMakeFiles/cmTC_da260.dir/build.make:98: recipe for target 'cmTC_da260' failed
make[1]: *** [cmTC_da260] Error 1
make[1]: Leaving directory '/home/jetauto/Desktop/seruCP2/src/g_autoslam/build/CMakeFiles/CMakeScratch/TryCompile-aEf0z7'
Makefile:127: recipe for target 'cmTC_da260/fast' failed
make: *** [cmTC_da260/fast] Error 2


Source file was:
#include <pthread.h>

static void* test_func(void* data)
{
  return data;
}

int main(void)
{
  pthread_t thread;
  pthread_create(&thread, NULL, test_func, NULL);
  pthread_detach(thread);
  pthread_cancel(thread);
  pthread_join(thread, NULL);
  pthread_atfork(NULL, NULL, NULL);
  pthread_exit(NULL);

  return 0;
}


Determining if the function pthread_create exists in the pthreads failed with the following output:
Change Dir: /home/jetauto/Desktop/seruCP2/src/g_autoslam/build/CMakeFiles/CMakeScratch/TryCompile-uFGCSs

Run Build Command(s):/usr/bin/make -f Makefile cmTC_bc27d/fast && /usr/bin/make  -f CMakeFiles/cmTC_bc27d.dir/build.make CMakeFiles/cmTC_bc27d.dir/build
make[1]: Entering directory '/home/jetauto/Desktop/seruCP2/src/g_autoslam/build/CMakeFiles/CMakeScratch/TryCompile-uFGCSs'
Building C object CMakeFiles/cmTC_bc27d.dir/CheckFunctionExists.c.o
/usr/bin/cc   -DCHECK_FUNCTION_EXISTS=pthread_create -o CMakeFiles/cmTC_bc27d.dir/CheckFunctionExists.c.o -c /home/jetauto/Desktop/seruCP2/src/g_autoslam/build/CMakeFiles/CMakeScratch/TryCompile-uFGCSs/CheckFunctionExists.c
Linking C executable cmTC_bc27d
/usr/bin/cmake -E cmake_link_script CMakeFiles/cmTC_bc27d.dir/link.txt --verbose=1
/usr/bin/cc  -DCHECK_FUNCTION_EXISTS=pthread_create -rdynamic CMakeFiles/cmTC_bc27d.dir/CheckFunctionExists.c.o -o cmTC_bc27d  -lpthreads 
/usr/bin/ld: cannot find -lpthreads
collect2: error: ld returned 1 exit status
CMakeFiles/cmTC_bc27d.dir/build.make:98: recipe for target 'cmTC_bc27d' failed
make[1]: *** [cmTC_bc27d] Error 1
make[1]: Leaving directory '/home/jetauto/Desktop/seruCP2/src/g_autoslam/build/CMakeFiles/CMakeScratch/TryCompile-uFGCSs'
Makefile:127: recipe for target 'cmTC_bc27d/fast' failed
make: *** [cmTC_bc27d/fast] Error 2



